<?xml version="1.0" encoding="UTF-8"?>
<!-- Generated by org.testng.reporters.JUnitReportReporter -->
<testsuite skipped="0" hostname="DESKTOP-6RSUI14" name="Mavenofficeproject.Home" tests="1" failures="0" timestamp="2020-05-09T16:04:01 IST" time="4.284" errors="0">
  <testcase name="userInfo" time="4.284" classname="Mavenofficeproject.Home"/>
</testsuite> <!-- Mavenofficeproject.Home -->
