<?xml version="1.0" encoding="UTF-8"?>
<!-- Generated by org.testng.reporters.JUnitReportReporter -->
<testsuite skipped="0" hostname="DESKTOP-6RSUI14" name="Mavenofficeproject.ResumeApplication" tests="1" failures="0" timestamp="2020-05-09T18:37:29 IST" time="3.939" errors="0">
  <testcase name="userInfoResumeApp" time="3.939" classname="Mavenofficeproject.ResumeApplication"/>
</testsuite> <!-- Mavenofficeproject.ResumeApplication -->
